<?xml version="1.0" encoding="UTF-8"?>
<!-- Generated by org.testng.reporters.JUnitXMLReporter -->
<testsuite ignored="2" hostname="DESKTOP-GSIQ13O" failures="0" tests="1" name="Surefire test" time="12.763" errors="0" timestamp="2023-12-08T19:46:18 EET">
  <testcase classname="com.qpros.WeatherTest" name="weatherTest" time="12.7"/>
  <testcase classname="com.qpros.TestBase" name="@BeforeSuite setup" time="0.0">
    <ignored/>
  </testcase> <!-- @BeforeSuite setup -->
  <testcase classname="com.qpros.TestBase" name="@AfterSuite teardown" time="0.0">
    <ignored/>
  </testcase> <!-- @AfterSuite teardown -->
</testsuite> <!-- Surefire test -->
