<?xml version="1.0" encoding="UTF-8"?>
<testng-results ignored="0" total="1" passed="1" failed="0" skipped="0">
  <reporter-output>
  </reporter-output>
  <suite started-at="2023-12-08T19:46:06 EET" name="Surefire suite" finished-at="2023-12-08T19:46:18 EET" duration-ms="12763">
    <groups>
    </groups>
    <test started-at="2023-12-08T19:46:06 EET" name="Surefire test" finished-at="2023-12-08T19:46:18 EET" duration-ms="12763">
      <class name="com.qpros.WeatherTest">
        <test-method signature="weatherTest()[pri:0, instance:com.qpros.WeatherTest@3d121db3]" started-at="2023-12-08T19:46:06 EET" name="weatherTest" finished-at="2023-12-08T19:46:18 EET" duration-ms="12700" status="PASS">
          <reporter-output>
          </reporter-output>
        </test-method> <!-- weatherTest -->
      </class> <!-- com.qpros.WeatherTest -->
      <class name="com.qpros.TestBase">
        <test-method is-config="true" signature="setup()[pri:0, instance:com.qpros.TestBase@f8c1ddd]" started-at="2023-12-08T19:45:55 EET" name="setup" finished-at="2023-12-08T19:46:06 EET" duration-ms="10675" status="PASS">
          <reporter-output>
          </reporter-output>
        </test-method> <!-- setup -->
        <test-method is-config="true" signature="teardown()[pri:0, instance:com.qpros.TestBase@f8c1ddd]" started-at="2023-12-08T19:46:18 EET" name="teardown" finished-at="2023-12-08T19:46:19 EET" duration-ms="636" status="PASS">
          <reporter-output>
          </reporter-output>
        </test-method> <!-- teardown -->
      </class> <!-- com.qpros.TestBase -->
    </test> <!-- Surefire test -->
  </suite> <!-- Surefire suite -->
</testng-results>
